◇ injected env (6) from .env // tip: ◈ secrets for agents [www.dotenvx.com]
📂 Loaded existing database
✅ Database ready
node:events:486
      throw er; // Unhandled 'error' event
      ^

Error: listen EADDRINUSE: address already in use :::4000
    at Server.setupListenHandle [as _listen2] (node:net:1940:16)
    at listenInCluster (node:net:1997:12)
    at Server.listen (node:net:2102:7)
    at app.listen (C:\Sumiya\FYP\securaqpp_final\SecuraQpp_v2_WITH_2FA_EMAIL\securaqpp\auth_backend\node_modules\express\lib\application.js:635:24)
    at C:\Sumiya\FYP\securaqpp_final\SecuraQpp_v2_WITH_2FA_EMAIL\securaqpp\auth_backend\server.js:433:7
Emitted 'error' event on Server instance at:
    at emitErrorNT (node:net:1976:8)
    at process.processTicksAndRejections (node:internal/process/task_queues:89:21) {
  code: 'EADDRINUSE',
  errno: -4091,
  syscall: 'listen',
  address: '::',
  port: 4000
}

Node.js v24.11.1
Assertion failed: !(handle->flags & UV_HANDLE_CLOSING), file src\win\async.c, line 76
